<?xml version="1.0" encoding="UTF-8"?>
<coverage generated="1753385229301" clover="3.2.0">
  <project timestamp="1753385229302" name="All files">
    <metrics statements="70" coveredstatements="56" conditionals="17" coveredconditionals="14" methods="24" coveredmethods="21" elements="111" coveredelements="91" complexity="0" loc="70" ncloc="70" packages="2" files="7" classes="7"/>
    <package name="src">
      <metrics statements="40" coveredstatements="27" conditionals="6" coveredconditionals="4" methods="10" coveredmethods="8"/>
      <file name="App.jsx" path="C:\Users\flore\meet\src\App.jsx">
        <metrics statements="33" coveredstatements="20" conditionals="6" coveredconditionals="4" methods="7" coveredmethods="5"/>
        <line num="17" count="11" type="stmt"/>
        <line num="18" count="10" type="stmt"/>
        <line num="19" count="10" type="stmt"/>
        <line num="21" count="10" type="stmt"/>
        <line num="23" count="10" type="stmt"/>
        <line num="26" count="10" type="stmt"/>
        <line num="27" count="6" type="stmt"/>
        <line num="28" count="6" type="stmt"/>
        <line num="29" count="6" type="stmt"/>
        <line num="30" count="6" type="stmt"/>
        <line num="32" count="6" type="stmt"/>
        <line num="36" count="10" type="stmt"/>
        <line num="37" count="6" type="stmt"/>
        <line num="38" count="6" type="stmt"/>
        <line num="39" count="6" type="cond" truecount="1" falsecount="1"/>
        <line num="40" count="0" type="stmt"/>
        <line num="44" count="10" type="stmt"/>
        <line num="45" count="0" type="stmt"/>
        <line num="46" count="0" type="stmt"/>
        <line num="47" count="0" type="stmt"/>
        <line num="48" count="0" type="stmt"/>
        <line num="49" count="0" type="stmt"/>
        <line num="51" count="0" type="stmt"/>
        <line num="55" count="10" type="stmt"/>
        <line num="56" count="0" type="stmt"/>
        <line num="57" count="0" type="stmt"/>
        <line num="58" count="0" type="stmt"/>
        <line num="59" count="0" type="stmt"/>
        <line num="60" count="0" type="stmt"/>
        <line num="62" count="0" type="stmt"/>
        <line num="68" count="10" type="cond" truecount="2" falsecount="0"/>
        <line num="70" count="36" type="stmt"/>
        <line num="72" count="10" type="stmt"/>
      </file>
      <file name="api.js" path="C:\Users\flore\meet\src\api.js">
        <metrics statements="6" coveredstatements="6" conditionals="0" coveredconditionals="0" methods="3" coveredmethods="3"/>
        <line num="9" count="3" type="stmt"/>
        <line num="11" count="288" type="stmt"/>
        <line num="14" count="8" type="stmt"/>
        <line num="15" count="8" type="stmt"/>
        <line num="23" count="3" type="stmt"/>
        <line num="26" count="10" type="stmt"/>
      </file>
      <file name="mock-data.js" path="C:\Users\flore\meet\src\mock-data.js">
        <metrics statements="1" coveredstatements="1" conditionals="0" coveredconditionals="0" methods="0" coveredmethods="0"/>
        <line num="4" count="4" type="stmt"/>
      </file>
    </package>
    <package name="src.components">
      <metrics statements="30" coveredstatements="29" conditionals="11" coveredconditionals="10" methods="14" coveredmethods="13"/>
      <file name="CitySearch.jsx" path="C:\Users\flore\meet\src\components\CitySearch.jsx">
        <metrics statements="18" coveredstatements="17" conditionals="6" coveredconditionals="5" methods="8" coveredmethods="7"/>
        <line num="3" count="3" type="stmt"/>
        <line num="4" count="42" type="stmt"/>
        <line num="5" count="42" type="stmt"/>
        <line num="10" count="42" type="cond" truecount="2" falsecount="0"/>
        <line num="12" count="99" type="stmt"/>
        <line num="16" count="42" type="stmt"/>
        <line num="17" count="19" type="stmt"/>
        <line num="18" count="19" type="stmt"/>
        <line num="20" count="19" type="stmt"/>
        <line num="23" count="42" type="stmt"/>
        <line num="24" count="2" type="stmt"/>
        <line num="25" count="2" type="stmt"/>
        <line num="27" count="2" type="cond" truecount="1" falsecount="1"/>
        <line num="28" count="2" type="stmt"/>
        <line num="32" count="42" type="stmt"/>
        <line num="39" count="6" type="stmt"/>
        <line num="46" count="33" type="stmt"/>
        <line num="50" count="0" type="stmt"/>
      </file>
      <file name="Event.jsx" path="C:\Users\flore\meet\src\components\Event.jsx">
        <metrics statements="4" coveredstatements="4" conditionals="4" coveredconditionals="4" methods="2" coveredmethods="2"/>
        <line num="4" count="4" type="stmt"/>
        <line num="5" count="159" type="stmt"/>
        <line num="7" count="159" type="stmt"/>
        <line num="13" count="3" type="stmt"/>
      </file>
      <file name="EventList.jsx" path="C:\Users\flore\meet\src\components\EventList.jsx">
        <metrics statements="3" coveredstatements="3" conditionals="1" coveredconditionals="1" methods="2" coveredmethods="2"/>
        <line num="6" count="3" type="cond" truecount="1" falsecount="0"/>
        <line num="8" count="12" type="stmt"/>
        <line num="19" count="149" type="stmt"/>
      </file>
      <file name="NumberOfEvents.jsx" path="C:\Users\flore\meet\src\components\NumberOfEvents.jsx">
        <metrics statements="5" coveredstatements="5" conditionals="0" coveredconditionals="0" methods="2" coveredmethods="2"/>
        <line num="6" count="4" type="stmt"/>
        <line num="7" count="16" type="stmt"/>
        <line num="9" count="16" type="stmt"/>
        <line num="10" count="3" type="stmt"/>
        <line num="13" count="16" type="stmt"/>
      </file>
    </package>
  </project>
</coverage>
