{"C:\\Users\\flore\\meet\\src\\App.jsx": {"path":"C:\\Users\\flore\\meet\\src\\App.jsx","statementMap":{"0":{"start":{"line":17,"column":40},"end":{"line":17,"column":52}},"1":{"start":{"line":18,"column":30},"end":{"line":18,"column":42}},"2":{"start":{"line":19,"column":46},"end":{"line":19,"column":58}},"3":{"start":{"line":21,"column":42},"end":{"line":21,"column":54}},"4":{"start":{"line":23,"column":40},"end":{"line":23,"column":66}},"5":{"start":{"line":26,"column":2},"end":{"line":33,"column":9}},"6":{"start":{"line":27,"column":22},"end":{"line":31,"column":5}},"7":{"start":{"line":28,"column":24},"end":{"line":28,"column":41}},"8":{"start":{"line":29,"column":6},"end":{"line":29,"column":51}},"9":{"start":{"line":30,"column":6},"end":{"line":30,"column":27}},"10":{"start":{"line":32,"column":4},"end":{"line":32,"column":16}},"11":{"start":{"line":36,"column":2},"end":{"line":42,"column":9}},"12":{"start":{"line":37,"column":22},"end":{"line":37,"column":65}},"13":{"start":{"line":38,"column":17},"end":{"line":38,"column":38}},"14":{"start":{"line":39,"column":4},"end":{"line":41,"column":5}},"15":{"start":{"line":40,"column":6},"end":{"line":40,"column":27}},"16":{"start":{"line":44,"column":25},"end":{"line":53,"column":3}},"17":{"start":{"line":45,"column":4},"end":{"line":52,"column":5}},"18":{"start":{"line":46,"column":37},"end":{"line":46,"column":110}},"19":{"start":{"line":47,"column":23},"end":{"line":47,"column":71}},"20":{"start":{"line":48,"column":31},"end":{"line":48,"column":52}},"21":{"start":{"line":49,"column":6},"end":{"line":49,"column":35}},"22":{"start":{"line":51,"column":6},"end":{"line":51,"column":57}},"23":{"start":{"line":55,"column":27},"end":{"line":64,"column":3}},"24":{"start":{"line":56,"column":4},"end":{"line":63,"column":5}},"25":{"start":{"line":57,"column":33},"end":{"line":57,"column":113}},"26":{"start":{"line":58,"column":23},"end":{"line":58,"column":54}},"27":{"start":{"line":59,"column":26},"end":{"line":59,"column":47}},"28":{"start":{"line":60,"column":6},"end":{"line":60,"column":37}},"29":{"start":{"line":62,"column":6},"end":{"line":62,"column":51}},"30":{"start":{"line":68,"column":25},"end":{"line":70,"column":60}},"31":{"start":{"line":70,"column":29},"end":{"line":70,"column":59}},"32":{"start":{"line":72,"column":2},"end":{"line":100,"column":4}}},"fnMap":{"0":{"name":"App","decl":{"start":{"line":16,"column":9},"end":{"line":16,"column":12}},"loc":{"start":{"line":16,"column":15},"end":{"line":101,"column":1}},"line":16},"1":{"name":"(anonymous_1)","decl":{"start":{"line":26,"column":12},"end":{"line":26,"column":13}},"loc":{"start":{"line":26,"column":18},"end":{"line":33,"column":3}},"line":26},"2":{"name":"(anonymous_2)","decl":{"start":{"line":27,"column":22},"end":{"line":27,"column":23}},"loc":{"start":{"line":27,"column":34},"end":{"line":31,"column":5}},"line":27},"3":{"name":"(anonymous_3)","decl":{"start":{"line":36,"column":12},"end":{"line":36,"column":13}},"loc":{"start":{"line":36,"column":18},"end":{"line":42,"column":3}},"line":36},"4":{"name":"(anonymous_4)","decl":{"start":{"line":44,"column":25},"end":{"line":44,"column":26}},"loc":{"start":{"line":44,"column":41},"end":{"line":53,"column":3}},"line":44},"5":{"name":"(anonymous_5)","decl":{"start":{"line":55,"column":27},"end":{"line":55,"column":28}},"loc":{"start":{"line":55,"column":39},"end":{"line":64,"column":3}},"line":55},"6":{"name":"(anonymous_6)","decl":{"start":{"line":70,"column":20},"end":{"line":70,"column":21}},"loc":{"start":{"line":70,"column":29},"end":{"line":70,"column":59}},"line":70}},"branchMap":{"0":{"loc":{"start":{"line":39,"column":4},"end":{"line":41,"column":5}},"type":"if","locations":[{"start":{"line":39,"column":4},"end":{"line":41,"column":5}},{"start":{},"end":{}}],"line":39},"1":{"loc":{"start":{"line":68,"column":25},"end":{"line":70,"column":60}},"type":"cond-expr","locations":[{"start":{"line":69,"column":6},"end":{"line":69,"column":12}},{"start":{"line":70,"column":6},"end":{"line":70,"column":60}}],"line":68},"2":{"loc":{"start":{"line":83,"column":7},"end":{"line":94,"column":7}},"type":"cond-expr","locations":[{"start":{"line":84,"column":8},"end":{"line":86,"column":14}},{"start":{"line":88,"column":8},"end":{"line":93,"column":14}}],"line":83}},"s":{"0":11,"1":10,"2":10,"3":10,"4":10,"5":10,"6":6,"7":6,"8":6,"9":6,"10":6,"11":10,"12":6,"13":6,"14":6,"15":0,"16":10,"17":0,"18":0,"19":0,"20":0,"21":0,"22":0,"23":10,"24":0,"25":0,"26":0,"27":0,"28":0,"29":0,"30":10,"31":36,"32":10},"f":{"0":11,"1":6,"2":6,"3":6,"4":0,"5":0,"6":36},"b":{"0":[0,6],"1":[9,1],"2":[0,10]},"_coverageSchema":"1a1c01bbd47fc00a2c39e90264f33305004495a9","hash":"d2548a3b88801170857fea68755d43f0974aff99"}
,"C:\\Users\\flore\\meet\\src\\api.js": {"path":"C:\\Users\\flore\\meet\\src\\api.js","statementMap":{"0":{"start":{"line":9,"column":32},"end":{"line":16,"column":1}},"1":{"start":{"line":11,"column":29},"end":{"line":11,"column":66}},"2":{"start":{"line":11,"column":51},"end":{"line":11,"column":65}},"3":{"start":{"line":14,"column":22},"end":{"line":14,"column":52}},"4":{"start":{"line":15,"column":4},"end":{"line":15,"column":21}},"5":{"start":{"line":23,"column":25},"end":{"line":27,"column":1}},"6":{"start":{"line":26,"column":4},"end":{"line":26,"column":20}}},"fnMap":{"0":{"name":"(anonymous_0)","decl":{"start":{"line":9,"column":32},"end":{"line":9,"column":33}},"loc":{"start":{"line":9,"column":44},"end":{"line":16,"column":1}},"line":9},"1":{"name":"(anonymous_1)","decl":{"start":{"line":11,"column":40},"end":{"line":11,"column":41}},"loc":{"start":{"line":11,"column":51},"end":{"line":11,"column":65}},"line":11},"2":{"name":"(anonymous_2)","decl":{"start":{"line":23,"column":25},"end":{"line":23,"column":26}},"loc":{"start":{"line":23,"column":37},"end":{"line":27,"column":1}},"line":23}},"branchMap":{},"s":{"0":3,"1":8,"2":288,"3":8,"4":8,"5":3,"6":10},"f":{"0":8,"1":288,"2":10},"b":{},"_coverageSchema":"1a1c01bbd47fc00a2c39e90264f33305004495a9","hash":"068052d0c15579217f1ef83df72f136ab79d2ef9"}
,"C:\\Users\\flore\\meet\\src\\mock-data.js": {"path":"C:\\Users\\flore\\meet\\src\\mock-data.js","statementMap":{"0":{"start":{"line":4,"column":17},"end":{"line":1440,"column":1}}},"fnMap":{},"branchMap":{},"s":{"0":4},"f":{},"b":{},"_coverageSchema":"1a1c01bbd47fc00a2c39e90264f33305004495a9","hash":"2dc66587f6891248cf440da95c8faa107935f6d1"}
,"C:\\Users\\flore\\meet\\src\\components\\CitySearch.jsx": {"path":"C:\\Users\\flore\\meet\\src\\components\\CitySearch.jsx","statementMap":{"0":{"start":{"line":3,"column":19},"end":{"line":57,"column":1}},"1":{"start":{"line":4,"column":50},"end":{"line":4,"column":65}},"2":{"start":{"line":5,"column":30},"end":{"line":5,"column":42}},"3":{"start":{"line":10,"column":24},"end":{"line":14,"column":12}},"4":{"start":{"line":12,"column":12},"end":{"line":12,"column":68}},"5":{"start":{"line":16,"column":31},"end":{"line":21,"column":5}},"6":{"start":{"line":17,"column":22},"end":{"line":17,"column":40}},"7":{"start":{"line":18,"column":8},"end":{"line":18,"column":24}},"8":{"start":{"line":20,"column":8},"end":{"line":20,"column":33}},"9":{"start":{"line":23,"column":30},"end":{"line":30,"column":5}},"10":{"start":{"line":24,"column":8},"end":{"line":24,"column":29}},"11":{"start":{"line":25,"column":8},"end":{"line":25,"column":34}},"12":{"start":{"line":27,"column":8},"end":{"line":29,"column":9}},"13":{"start":{"line":28,"column":12},"end":{"line":28,"column":39}},"14":{"start":{"line":32,"column":4},"end":{"line":56,"column":6}},"15":{"start":{"line":39,"column":31},"end":{"line":39,"column":55}},"16":{"start":{"line":46,"column":24},"end":{"line":48,"column":29}},"17":{"start":{"line":46,"column":43},"end":{"line":46,"column":72}},"18":{"start":{"line":50,"column":60},"end":{"line":50,"column":95}}},"fnMap":{"0":{"name":"(anonymous_0)","decl":{"start":{"line":3,"column":19},"end":{"line":3,"column":20}},"loc":{"start":{"line":3,"column":57},"end":{"line":57,"column":1}},"line":3},"1":{"name":"(anonymous_1)","decl":{"start":{"line":11,"column":30},"end":{"line":11,"column":31}},"loc":{"start":{"line":12,"column":12},"end":{"line":12,"column":68}},"line":12},"2":{"name":"(anonymous_2)","decl":{"start":{"line":16,"column":31},"end":{"line":16,"column":32}},"loc":{"start":{"line":16,"column":42},"end":{"line":21,"column":5}},"line":16},"3":{"name":"(anonymous_3)","decl":{"start":{"line":23,"column":30},"end":{"line":23,"column":31}},"loc":{"start":{"line":23,"column":46},"end":{"line":30,"column":5}},"line":23},"4":{"name":"(anonymous_4)","decl":{"start":{"line":39,"column":25},"end":{"line":39,"column":26}},"loc":{"start":{"line":39,"column":31},"end":{"line":39,"column":55}},"line":39},"5":{"name":"(anonymous_5)","decl":{"start":{"line":45,"column":37},"end":{"line":45,"column":38}},"loc":{"start":{"line":46,"column":24},"end":{"line":48,"column":29}},"line":46},"6":{"name":"(anonymous_6)","decl":{"start":{"line":46,"column":37},"end":{"line":46,"column":38}},"loc":{"start":{"line":46,"column":43},"end":{"line":46,"column":72}},"line":46},"7":{"name":"(anonymous_7)","decl":{"start":{"line":50,"column":54},"end":{"line":50,"column":55}},"loc":{"start":{"line":50,"column":60},"end":{"line":50,"column":95}},"line":50}},"branchMap":{"0":{"loc":{"start":{"line":10,"column":24},"end":{"line":14,"column":12}},"type":"cond-expr","locations":[{"start":{"line":11,"column":10},"end":{"line":13,"column":11}},{"start":{"line":14,"column":10},"end":{"line":14,"column":12}}],"line":10},"1":{"loc":{"start":{"line":27,"column":8},"end":{"line":29,"column":9}},"type":"if","locations":[{"start":{"line":27,"column":8},"end":{"line":29,"column":9}},{"start":{},"end":{}}],"line":27},"2":{"loc":{"start":{"line":42,"column":13},"end":{"line":54,"column":20}},"type":"cond-expr","locations":[{"start":{"line":43,"column":16},"end":{"line":53,"column":21}},{"start":{"line":54,"column":16},"end":{"line":54,"column":20}}],"line":42}},"s":{"0":3,"1":42,"2":42,"3":42,"4":99,"5":42,"6":19,"7":19,"8":19,"9":42,"10":2,"11":2,"12":2,"13":2,"14":42,"15":6,"16":33,"17":2,"18":0},"f":{"0":42,"1":99,"2":19,"3":2,"4":6,"5":33,"6":2,"7":0},"b":{"0":[39,3],"1":[2,0],"2":[25,17]},"_coverageSchema":"1a1c01bbd47fc00a2c39e90264f33305004495a9","hash":"894738e9355b855db5f1ffbabf6d014aa3fc49c2"}
,"C:\\Users\\flore\\meet\\src\\components\\Event.jsx": {"path":"C:\\Users\\flore\\meet\\src\\components\\Event.jsx","statementMap":{"0":{"start":{"line":4,"column":14},"end":{"line":25,"column":1}},"1":{"start":{"line":5,"column":40},"end":{"line":5,"column":55}},"2":{"start":{"line":7,"column":2},"end":{"line":24,"column":4}},"3":{"start":{"line":13,"column":29},"end":{"line":13,"column":57}}},"fnMap":{"0":{"name":"(anonymous_0)","decl":{"start":{"line":4,"column":14},"end":{"line":4,"column":15}},"loc":{"start":{"line":4,"column":29},"end":{"line":25,"column":1}},"line":4},"1":{"name":"(anonymous_1)","decl":{"start":{"line":13,"column":23},"end":{"line":13,"column":24}},"loc":{"start":{"line":13,"column":29},"end":{"line":13,"column":57}},"line":13}},"branchMap":{"0":{"loc":{"start":{"line":14,"column":9},"end":{"line":14,"column":54}},"type":"cond-expr","locations":[{"start":{"line":14,"column":23},"end":{"line":14,"column":37}},{"start":{"line":14,"column":40},"end":{"line":14,"column":54}}],"line":14},"1":{"loc":{"start":{"line":17,"column":7},"end":{"line":22,"column":7}},"type":"binary-expr","locations":[{"start":{"line":17,"column":7},"end":{"line":17,"column":18}},{"start":{"line":18,"column":8},"end":{"line":21,"column":14}}],"line":17}},"s":{"0":4,"1":159,"2":159,"3":3},"f":{"0":159,"1":3},"b":{"0":[2,157],"1":[159,2]},"_coverageSchema":"1a1c01bbd47fc00a2c39e90264f33305004495a9","hash":"14b7ea28e7df0ce4ab9fde85d7360217c6a804ca"}
,"C:\\Users\\flore\\meet\\src\\components\\EventList.jsx": {"path":"C:\\Users\\flore\\meet\\src\\components\\EventList.jsx","statementMap":{"0":{"start":{"line":6,"column":18},"end":{"line":22,"column":1}},"1":{"start":{"line":8,"column":4},"end":{"line":21,"column":6}},"2":{"start":{"line":19,"column":33},"end":{"line":19,"column":71}}},"fnMap":{"0":{"name":"(anonymous_0)","decl":{"start":{"line":6,"column":18},"end":{"line":6,"column":19}},"loc":{"start":{"line":6,"column":39},"end":{"line":22,"column":1}},"line":6},"1":{"name":"(anonymous_1)","decl":{"start":{"line":19,"column":24},"end":{"line":19,"column":25}},"loc":{"start":{"line":19,"column":33},"end":{"line":19,"column":71}},"line":19}},"branchMap":{"0":{"loc":{"start":{"line":6,"column":21},"end":{"line":6,"column":32}},"type":"default-arg","locations":[{"start":{"line":6,"column":30},"end":{"line":6,"column":32}}],"line":6}},"s":{"0":3,"1":12,"2":149},"f":{"0":12,"1":149},"b":{"0":[1]},"_coverageSchema":"1a1c01bbd47fc00a2c39e90264f33305004495a9","hash":"1f58d0b881ba2eb3385f07115687d89b5d0962c8"}
,"C:\\Users\\flore\\meet\\src\\components\\NumberOfEvents.jsx": {"path":"C:\\Users\\flore\\meet\\src\\components\\NumberOfEvents.jsx","statementMap":{"0":{"start":{"line":6,"column":23},"end":{"line":22,"column":1}},"1":{"start":{"line":7,"column":28},"end":{"line":7,"column":42}},"2":{"start":{"line":9,"column":23},"end":{"line":11,"column":3}},"3":{"start":{"line":10,"column":4},"end":{"line":10,"column":33}},"4":{"start":{"line":13,"column":2},"end":{"line":21,"column":4}}},"fnMap":{"0":{"name":"(anonymous_0)","decl":{"start":{"line":6,"column":23},"end":{"line":6,"column":24}},"loc":{"start":{"line":6,"column":29},"end":{"line":22,"column":1}},"line":6},"1":{"name":"(anonymous_1)","decl":{"start":{"line":9,"column":23},"end":{"line":9,"column":24}},"loc":{"start":{"line":9,"column":34},"end":{"line":11,"column":3}},"line":9}},"branchMap":{},"s":{"0":4,"1":16,"2":16,"3":3,"4":16},"f":{"0":16,"1":3},"b":{},"_coverageSchema":"1a1c01bbd47fc00a2c39e90264f33305004495a9","hash":"15a85013dcea8b12df4d4e524103db175e16ea07"}
}
