{"C:\\Users\\flore\\meet\\src\\App.jsx": {"path":"C:\\Users\\flore\\meet\\src\\App.jsx","statementMap":{"0":{"start":{"line":15,"column":40},"end":{"line":15,"column":52}},"1":{"start":{"line":16,"column":30},"end":{"line":16,"column":42}},"2":{"start":{"line":19,"column":2},"end":{"line":26,"column":9}},"3":{"start":{"line":20,"column":22},"end":{"line":20,"column":65}},"4":{"start":{"line":21,"column":17},"end":{"line":21,"column":38}},"5":{"start":{"line":22,"column":4},"end":{"line":25,"column":5}},"6":{"start":{"line":24,"column":6},"end":{"line":24,"column":27}},"7":{"start":{"line":28,"column":25},"end":{"line":37,"column":3}},"8":{"start":{"line":29,"column":4},"end":{"line":36,"column":5}},"9":{"start":{"line":30,"column":37},"end":{"line":30,"column":110}},"10":{"start":{"line":31,"column":23},"end":{"line":31,"column":71}},"11":{"start":{"line":32,"column":31},"end":{"line":32,"column":52}},"12":{"start":{"line":33,"column":6},"end":{"line":33,"column":35}},"13":{"start":{"line":35,"column":6},"end":{"line":35,"column":57}},"14":{"start":{"line":39,"column":27},"end":{"line":48,"column":3}},"15":{"start":{"line":40,"column":4},"end":{"line":47,"column":5}},"16":{"start":{"line":41,"column":33},"end":{"line":41,"column":113}},"17":{"start":{"line":42,"column":23},"end":{"line":42,"column":54}},"18":{"start":{"line":43,"column":26},"end":{"line":43,"column":47}},"19":{"start":{"line":44,"column":6},"end":{"line":44,"column":37}},"20":{"start":{"line":46,"column":6},"end":{"line":46,"column":51}},"21":{"start":{"line":50,"column":2},"end":{"line":76,"column":4}}},"fnMap":{"0":{"name":"App","decl":{"start":{"line":14,"column":9},"end":{"line":14,"column":12}},"loc":{"start":{"line":14,"column":15},"end":{"line":77,"column":1}},"line":14},"1":{"name":"(anonymous_1)","decl":{"start":{"line":19,"column":12},"end":{"line":19,"column":13}},"loc":{"start":{"line":19,"column":18},"end":{"line":26,"column":3}},"line":19},"2":{"name":"(anonymous_2)","decl":{"start":{"line":28,"column":25},"end":{"line":28,"column":26}},"loc":{"start":{"line":28,"column":41},"end":{"line":37,"column":3}},"line":28},"3":{"name":"(anonymous_3)","decl":{"start":{"line":39,"column":27},"end":{"line":39,"column":28}},"loc":{"start":{"line":39,"column":39},"end":{"line":48,"column":3}},"line":39}},"branchMap":{"0":{"loc":{"start":{"line":22,"column":4},"end":{"line":25,"column":5}},"type":"if","locations":[{"start":{"line":22,"column":4},"end":{"line":25,"column":5}},{"start":{},"end":{}}],"line":22},"1":{"loc":{"start":{"line":57,"column":7},"end":{"line":68,"column":7}},"type":"cond-expr","locations":[{"start":{"line":58,"column":8},"end":{"line":60,"column":14}},{"start":{"line":62,"column":8},"end":{"line":67,"column":14}}],"line":57}},"s":{"0":3,"1":3,"2":3,"3":3,"4":3,"5":3,"6":0,"7":3,"8":0,"9":0,"10":0,"11":0,"12":0,"13":0,"14":3,"15":0,"16":0,"17":0,"18":0,"19":0,"20":0,"21":3},"f":{"0":3,"1":3,"2":0,"3":0},"b":{"0":[0,3],"1":[0,3]},"_coverageSchema":"1a1c01bbd47fc00a2c39e90264f33305004495a9","hash":"adf6fcaf376538d53b9a1c91836bc1085abb9984"}
,"C:\\Users\\flore\\meet\\src\\api.js": {"path":"C:\\Users\\flore\\meet\\src\\api.js","statementMap":{"0":{"start":{"line":9,"column":32},"end":{"line":16,"column":1}},"1":{"start":{"line":11,"column":29},"end":{"line":11,"column":66}},"2":{"start":{"line":11,"column":51},"end":{"line":11,"column":65}},"3":{"start":{"line":14,"column":22},"end":{"line":14,"column":52}},"4":{"start":{"line":15,"column":4},"end":{"line":15,"column":21}},"5":{"start":{"line":23,"column":25},"end":{"line":27,"column":1}},"6":{"start":{"line":26,"column":4},"end":{"line":26,"column":20}}},"fnMap":{"0":{"name":"(anonymous_0)","decl":{"start":{"line":9,"column":32},"end":{"line":9,"column":33}},"loc":{"start":{"line":9,"column":44},"end":{"line":16,"column":1}},"line":9},"1":{"name":"(anonymous_1)","decl":{"start":{"line":11,"column":40},"end":{"line":11,"column":41}},"loc":{"start":{"line":11,"column":51},"end":{"line":11,"column":65}},"line":11},"2":{"name":"(anonymous_2)","decl":{"start":{"line":23,"column":25},"end":{"line":23,"column":26}},"loc":{"start":{"line":23,"column":37},"end":{"line":27,"column":1}},"line":23}},"branchMap":{},"s":{"0":2,"1":1,"2":36,"3":1,"4":1,"5":2,"6":2},"f":{"0":1,"1":36,"2":2},"b":{},"_coverageSchema":"1a1c01bbd47fc00a2c39e90264f33305004495a9","hash":"068052d0c15579217f1ef83df72f136ab79d2ef9"}
,"C:\\Users\\flore\\meet\\src\\mock-data.js": {"path":"C:\\Users\\flore\\meet\\src\\mock-data.js","statementMap":{"0":{"start":{"line":4,"column":17},"end":{"line":1440,"column":1}}},"fnMap":{},"branchMap":{},"s":{"0":3},"f":{},"b":{},"_coverageSchema":"1a1c01bbd47fc00a2c39e90264f33305004495a9","hash":"2dc66587f6891248cf440da95c8faa107935f6d1"}
,"C:\\Users\\flore\\meet\\src\\components\\CitySearch.jsx": {"path":"C:\\Users\\flore\\meet\\src\\components\\CitySearch.jsx","statementMap":{"0":{"start":{"line":5,"column":19},"end":{"line":57,"column":1}},"1":{"start":{"line":7,"column":50},"end":{"line":7,"column":65}},"2":{"start":{"line":8,"column":30},"end":{"line":8,"column":42}},"3":{"start":{"line":9,"column":42},"end":{"line":9,"column":54}},"4":{"start":{"line":12,"column":31},"end":{"line":20,"column":5}},"5":{"start":{"line":13,"column":22},"end":{"line":13,"column":40}},"6":{"start":{"line":14,"column":34},"end":{"line":16,"column":15}},"7":{"start":{"line":15,"column":12},"end":{"line":15,"column":76}},"8":{"start":{"line":18,"column":8},"end":{"line":18,"column":24}},"9":{"start":{"line":19,"column":8},"end":{"line":19,"column":42}},"10":{"start":{"line":23,"column":30},"end":{"line":26,"column":5}},"11":{"start":{"line":24,"column":8},"end":{"line":24,"column":29}},"12":{"start":{"line":25,"column":8},"end":{"line":25,"column":34}},"13":{"start":{"line":28,"column":4},"end":{"line":56,"column":5}},"14":{"start":{"line":35,"column":31},"end":{"line":35,"column":55}},"15":{"start":{"line":43,"column":24},"end":{"line":47,"column":26}},"16":{"start":{"line":44,"column":47},"end":{"line":44,"column":76}},"17":{"start":{"line":50,"column":60},"end":{"line":50,"column":95}}},"fnMap":{"0":{"name":"(anonymous_0)","decl":{"start":{"line":5,"column":19},"end":{"line":5,"column":20}},"loc":{"start":{"line":5,"column":41},"end":{"line":57,"column":1}},"line":5},"1":{"name":"(anonymous_1)","decl":{"start":{"line":12,"column":31},"end":{"line":12,"column":32}},"loc":{"start":{"line":12,"column":42},"end":{"line":20,"column":5}},"line":12},"2":{"name":"(anonymous_2)","decl":{"start":{"line":14,"column":69},"end":{"line":14,"column":70}},"loc":{"start":{"line":14,"column":83},"end":{"line":16,"column":9}},"line":14},"3":{"name":"(anonymous_3)","decl":{"start":{"line":23,"column":30},"end":{"line":23,"column":31}},"loc":{"start":{"line":23,"column":46},"end":{"line":26,"column":5}},"line":23},"4":{"name":"(anonymous_4)","decl":{"start":{"line":35,"column":25},"end":{"line":35,"column":26}},"loc":{"start":{"line":35,"column":31},"end":{"line":35,"column":55}},"line":35},"5":{"name":"(anonymous_5)","decl":{"start":{"line":42,"column":37},"end":{"line":42,"column":38}},"loc":{"start":{"line":42,"column":53},"end":{"line":48,"column":21}},"line":42},"6":{"name":"(anonymous_6)","decl":{"start":{"line":44,"column":41},"end":{"line":44,"column":42}},"loc":{"start":{"line":44,"column":47},"end":{"line":44,"column":76}},"line":44},"7":{"name":"(anonymous_7)","decl":{"start":{"line":50,"column":54},"end":{"line":50,"column":55}},"loc":{"start":{"line":50,"column":60},"end":{"line":50,"column":95}},"line":50}},"branchMap":{"0":{"loc":{"start":{"line":14,"column":34},"end":{"line":16,"column":15}},"type":"cond-expr","locations":[{"start":{"line":14,"column":49},"end":{"line":16,"column":10}},{"start":{"line":16,"column":13},"end":{"line":16,"column":15}}],"line":14},"1":{"loc":{"start":{"line":39,"column":13},"end":{"line":54,"column":20}},"type":"cond-expr","locations":[{"start":{"line":40,"column":16},"end":{"line":53,"column":21}},{"start":{"line":54,"column":16},"end":{"line":54,"column":20}}],"line":39}},"s":{"0":2,"1":27,"2":27,"3":27,"4":27,"5":13,"6":13,"7":36,"8":13,"9":13,"10":27,"11":1,"12":1,"13":27,"14":4,"15":12,"16":1,"17":0},"f":{"0":27,"1":13,"2":36,"3":1,"4":4,"5":12,"6":1,"7":0},"b":{"0":[12,1],"1":[17,10]},"_coverageSchema":"1a1c01bbd47fc00a2c39e90264f33305004495a9","hash":"ed341ced274245df83df8fb616873742b0967486"}
,"C:\\Users\\flore\\meet\\src\\components\\Event.jsx": {"path":"C:\\Users\\flore\\meet\\src\\components\\Event.jsx","statementMap":{"0":{"start":{"line":4,"column":14},"end":{"line":25,"column":1}},"1":{"start":{"line":5,"column":40},"end":{"line":5,"column":55}},"2":{"start":{"line":7,"column":2},"end":{"line":24,"column":4}},"3":{"start":{"line":13,"column":29},"end":{"line":13,"column":57}}},"fnMap":{"0":{"name":"(anonymous_0)","decl":{"start":{"line":4,"column":14},"end":{"line":4,"column":15}},"loc":{"start":{"line":4,"column":29},"end":{"line":25,"column":1}},"line":4},"1":{"name":"(anonymous_1)","decl":{"start":{"line":13,"column":23},"end":{"line":13,"column":24}},"loc":{"start":{"line":13,"column":29},"end":{"line":13,"column":57}},"line":13}},"branchMap":{"0":{"loc":{"start":{"line":14,"column":9},"end":{"line":14,"column":54}},"type":"cond-expr","locations":[{"start":{"line":14,"column":23},"end":{"line":14,"column":37}},{"start":{"line":14,"column":40},"end":{"line":14,"column":54}}],"line":14},"1":{"loc":{"start":{"line":17,"column":7},"end":{"line":22,"column":7}},"type":"binary-expr","locations":[{"start":{"line":17,"column":7},"end":{"line":17,"column":18}},{"start":{"line":18,"column":8},"end":{"line":21,"column":14}}],"line":17}},"s":{"0":3,"1":46,"2":46,"3":3},"f":{"0":46,"1":3},"b":{"0":[2,44],"1":[46,2]},"_coverageSchema":"1a1c01bbd47fc00a2c39e90264f33305004495a9","hash":"14b7ea28e7df0ce4ab9fde85d7360217c6a804ca"}
,"C:\\Users\\flore\\meet\\src\\components\\EventList.jsx": {"path":"C:\\Users\\flore\\meet\\src\\components\\EventList.jsx","statementMap":{"0":{"start":{"line":6,"column":18},"end":{"line":22,"column":1}},"1":{"start":{"line":8,"column":4},"end":{"line":21,"column":6}},"2":{"start":{"line":19,"column":33},"end":{"line":19,"column":71}}},"fnMap":{"0":{"name":"(anonymous_0)","decl":{"start":{"line":6,"column":18},"end":{"line":6,"column":19}},"loc":{"start":{"line":6,"column":39},"end":{"line":22,"column":1}},"line":6},"1":{"name":"(anonymous_1)","decl":{"start":{"line":19,"column":24},"end":{"line":19,"column":25}},"loc":{"start":{"line":19,"column":33},"end":{"line":19,"column":71}},"line":19}},"branchMap":{"0":{"loc":{"start":{"line":6,"column":21},"end":{"line":6,"column":32}},"type":"default-arg","locations":[{"start":{"line":6,"column":30},"end":{"line":6,"column":32}}],"line":6}},"s":{"0":2,"1":5,"2":36},"f":{"0":5,"1":36},"b":{"0":[1]},"_coverageSchema":"1a1c01bbd47fc00a2c39e90264f33305004495a9","hash":"1f58d0b881ba2eb3385f07115687d89b5d0962c8"}
,"C:\\Users\\flore\\meet\\src\\components\\NumberOfEvents.jsx": {"path":"C:\\Users\\flore\\meet\\src\\components\\NumberOfEvents.jsx","statementMap":{"0":{"start":{"line":6,"column":23},"end":{"line":22,"column":1}},"1":{"start":{"line":7,"column":28},"end":{"line":7,"column":42}},"2":{"start":{"line":9,"column":23},"end":{"line":11,"column":3}},"3":{"start":{"line":10,"column":4},"end":{"line":10,"column":33}},"4":{"start":{"line":13,"column":2},"end":{"line":21,"column":4}}},"fnMap":{"0":{"name":"(anonymous_0)","decl":{"start":{"line":6,"column":23},"end":{"line":6,"column":24}},"loc":{"start":{"line":6,"column":29},"end":{"line":22,"column":1}},"line":6},"1":{"name":"(anonymous_1)","decl":{"start":{"line":9,"column":23},"end":{"line":9,"column":24}},"loc":{"start":{"line":9,"column":34},"end":{"line":11,"column":3}},"line":9}},"branchMap":{},"s":{"0":2,"1":9,"2":9,"3":3,"4":9},"f":{"0":9,"1":3},"b":{},"_coverageSchema":"1a1c01bbd47fc00a2c39e90264f33305004495a9","hash":"15a85013dcea8b12df4d4e524103db175e16ea07"}
}
