TN:
SF:src\App.jsx
FN:14,App
FN:19,(anonymous_1)
FN:28,(anonymous_2)
FN:39,(anonymous_3)
FNF:4
FNH:2
FNDA:3,App
FNDA:3,(anonymous_1)
FNDA:0,(anonymous_2)
FNDA:0,(anonymous_3)
DA:15,3
DA:16,3
DA:19,3
DA:20,3
DA:21,3
DA:22,3
DA:24,0
DA:28,3
DA:29,0
DA:30,0
DA:31,0
DA:32,0
DA:33,0
DA:35,0
DA:39,3
DA:40,0
DA:41,0
DA:42,0
DA:43,0
DA:44,0
DA:46,0
DA:50,3
LF:22
LH:9
BRDA:22,0,0,0
BRDA:22,0,1,3
BRDA:57,1,0,0
BRDA:57,1,1,3
BRF:4
BRH:2
end_of_record
TN:
SF:src\api.js
FN:9,(anonymous_0)
FN:11,(anonymous_1)
FN:23,(anonymous_2)
FNF:3
FNH:3
FNDA:1,(anonymous_0)
FNDA:36,(anonymous_1)
FNDA:2,(anonymous_2)
DA:9,2
DA:11,36
DA:14,1
DA:15,1
DA:23,2
DA:26,2
LF:6
LH:6
BRF:0
BRH:0
end_of_record
TN:
SF:src\mock-data.js
FNF:0
FNH:0
DA:4,3
LF:1
LH:1
BRF:0
BRH:0
end_of_record
TN:
SF:src\components\CitySearch.jsx
FN:5,(anonymous_0)
FN:12,(anonymous_1)
FN:14,(anonymous_2)
FN:23,(anonymous_3)
FN:35,(anonymous_4)
FN:42,(anonymous_5)
FN:44,(anonymous_6)
FN:50,(anonymous_7)
FNF:8
FNH:7
FNDA:27,(anonymous_0)
FNDA:13,(anonymous_1)
FNDA:36,(anonymous_2)
FNDA:1,(anonymous_3)
FNDA:4,(anonymous_4)
FNDA:12,(anonymous_5)
FNDA:1,(anonymous_6)
FNDA:0,(anonymous_7)
DA:5,2
DA:7,27
DA:8,27
DA:9,27
DA:12,27
DA:13,13
DA:14,13
DA:15,36
DA:18,13
DA:19,13
DA:23,27
DA:24,1
DA:25,1
DA:28,27
DA:35,4
DA:43,12
DA:44,1
DA:50,0
LF:18
LH:17
BRDA:14,0,0,12
BRDA:14,0,1,1
BRDA:39,1,0,17
BRDA:39,1,1,10
BRF:4
BRH:4
end_of_record
TN:
SF:src\components\Event.jsx
FN:4,(anonymous_0)
FN:13,(anonymous_1)
FNF:2
FNH:2
FNDA:46,(anonymous_0)
FNDA:3,(anonymous_1)
DA:4,3
DA:5,46
DA:7,46
DA:13,3
LF:4
LH:4
BRDA:14,0,0,2
BRDA:14,0,1,44
BRDA:17,1,0,46
BRDA:17,1,1,2
BRF:4
BRH:4
end_of_record
TN:
SF:src\components\EventList.jsx
FN:6,(anonymous_0)
FN:19,(anonymous_1)
FNF:2
FNH:2
FNDA:5,(anonymous_0)
FNDA:36,(anonymous_1)
DA:6,2
DA:8,5
DA:19,36
LF:3
LH:3
BRDA:6,0,0,1
BRF:1
BRH:1
end_of_record
TN:
SF:src\components\NumberOfEvents.jsx
FN:6,(anonymous_0)
FN:9,(anonymous_1)
FNF:2
FNH:2
FNDA:9,(anonymous_0)
FNDA:3,(anonymous_1)
DA:6,2
DA:7,9
DA:9,9
DA:10,3
DA:13,9
LF:5
LH:5
BRF:0
BRH:0
end_of_record
