TN:
SF:src\App.jsx
FN:16,App
FN:26,(anonymous_1)
FN:27,(anonymous_2)
FN:36,(anonymous_3)
FN:44,(anonymous_4)
FN:55,(anonymous_5)
FN:70,(anonymous_6)
FNF:7
FNH:5
FNDA:11,App
FNDA:6,(anonymous_1)
FNDA:6,(anonymous_2)
FNDA:6,(anonymous_3)
FNDA:0,(anonymous_4)
FNDA:0,(anonymous_5)
FNDA:36,(anonymous_6)
DA:17,11
DA:18,10
DA:19,10
DA:21,10
DA:23,10
DA:26,10
DA:27,6
DA:28,6
DA:29,6
DA:30,6
DA:32,6
DA:36,10
DA:37,6
DA:38,6
DA:39,6
DA:40,0
DA:44,10
DA:45,0
DA:46,0
DA:47,0
DA:48,0
DA:49,0
DA:51,0
DA:55,10
DA:56,0
DA:57,0
DA:58,0
DA:59,0
DA:60,0
DA:62,0
DA:68,10
DA:70,36
DA:72,10
LF:33
LH:20
BRDA:39,0,0,0
BRDA:39,0,1,6
BRDA:68,1,0,9
BRDA:68,1,1,1
BRDA:83,2,0,0
BRDA:83,2,1,10
BRF:6
BRH:4
end_of_record
TN:
SF:src\api.js
FN:9,(anonymous_0)
FN:11,(anonymous_1)
FN:23,(anonymous_2)
FNF:3
FNH:3
FNDA:8,(anonymous_0)
FNDA:288,(anonymous_1)
FNDA:10,(anonymous_2)
DA:9,3
DA:11,288
DA:14,8
DA:15,8
DA:23,3
DA:26,10
LF:6
LH:6
BRF:0
BRH:0
end_of_record
TN:
SF:src\mock-data.js
FNF:0
FNH:0
DA:4,4
LF:1
LH:1
BRF:0
BRH:0
end_of_record
TN:
SF:src\components\CitySearch.jsx
FN:3,(anonymous_0)
FN:11,(anonymous_1)
FN:16,(anonymous_2)
FN:23,(anonymous_3)
FN:39,(anonymous_4)
FN:45,(anonymous_5)
FN:46,(anonymous_6)
FN:50,(anonymous_7)
FNF:8
FNH:7
FNDA:42,(anonymous_0)
FNDA:99,(anonymous_1)
FNDA:19,(anonymous_2)
FNDA:2,(anonymous_3)
FNDA:6,(anonymous_4)
FNDA:33,(anonymous_5)
FNDA:2,(anonymous_6)
FNDA:0,(anonymous_7)
DA:3,3
DA:4,42
DA:5,42
DA:10,42
DA:12,99
DA:16,42
DA:17,19
DA:18,19
DA:20,19
DA:23,42
DA:24,2
DA:25,2
DA:27,2
DA:28,2
DA:32,42
DA:39,6
DA:46,33
DA:50,0
LF:18
LH:17
BRDA:10,0,0,39
BRDA:10,0,1,3
BRDA:27,1,0,2
BRDA:27,1,1,0
BRDA:42,2,0,25
BRDA:42,2,1,17
BRF:6
BRH:5
end_of_record
TN:
SF:src\components\Event.jsx
FN:4,(anonymous_0)
FN:13,(anonymous_1)
FNF:2
FNH:2
FNDA:159,(anonymous_0)
FNDA:3,(anonymous_1)
DA:4,4
DA:5,159
DA:7,159
DA:13,3
LF:4
LH:4
BRDA:14,0,0,2
BRDA:14,0,1,157
BRDA:17,1,0,159
BRDA:17,1,1,2
BRF:4
BRH:4
end_of_record
TN:
SF:src\components\EventList.jsx
FN:6,(anonymous_0)
FN:19,(anonymous_1)
FNF:2
FNH:2
FNDA:12,(anonymous_0)
FNDA:149,(anonymous_1)
DA:6,3
DA:8,12
DA:19,149
LF:3
LH:3
BRDA:6,0,0,1
BRF:1
BRH:1
end_of_record
TN:
SF:src\components\NumberOfEvents.jsx
FN:6,(anonymous_0)
FN:9,(anonymous_1)
FNF:2
FNH:2
FNDA:16,(anonymous_0)
FNDA:3,(anonymous_1)
DA:6,4
DA:7,16
DA:9,16
DA:10,3
DA:13,16
LF:5
LH:5
BRF:0
BRH:0
end_of_record
